<?xml version="1.0" encoding="UTF-8"?>
<testng-results ignored="0" total="9" passed="8" failed="1" skipped="0">
  <reporter-output>
  </reporter-output>
  <suite started-at="2021-06-09T22:03:59 IST" name="Default suite" finished-at="2021-06-09T22:06:07 IST" duration-ms="127755">
    <groups>
    </groups>
    <test started-at="2021-06-09T22:03:59 IST" name="Default test" finished-at="2021-06-09T22:06:07 IST" duration-ms="127755">
      <class name="com.org.testcases.BookingActivityPageTest">
        <test-method is-config="true" signature="setUpSuite()[pri:0, instance:com.org.testcases.BookingActivityPageTest@56528192]" started-at="2021-06-09T22:03:59 IST" name="setUpSuite" finished-at="2021-06-09T22:03:59 IST" duration-ms="506" status="PASS">
          <reporter-output>
          </reporter-output>
        </test-method> <!-- setUpSuite -->
        <test-method is-config="true" signature="setUp()[pri:0, instance:com.org.testcases.BookingActivityPageTest@56528192]" started-at="2021-06-09T22:03:59 IST" name="setUp" finished-at="2021-06-09T22:04:02 IST" duration-ms="2772" status="PASS">
          <reporter-output>
          </reporter-output>
        </test-method> <!-- setUp -->
        <test-method signature="loginApp()[pri:1, instance:com.org.testcases.BookingActivityPageTest@56528192]" started-at="2021-06-09T22:04:02 IST" name="loginApp" finished-at="2021-06-09T22:04:09 IST" duration-ms="6407" status="PASS">
          <reporter-output>
          </reporter-output>
        </test-method> <!-- loginApp -->
        <test-method is-config="true" signature="tearDownReports(org.testng.ITestResult)[pri:0, instance:com.org.testcases.BookingActivityPageTest@56528192]" started-at="2021-06-09T22:04:09 IST" name="tearDownReports" finished-at="2021-06-09T22:04:09 IST" duration-ms="607" status="PASS">
          <params>
            <param index="0">
              <value>
                <![CDATA[[TestResult name=loginApp status=SUCCESS method=BookingActivityPageTest.loginApp()[pri:1, instance:com.org.testcases.BookingActivityPageTest@56528192] output={null}]]]>
              </value>
            </param>
          </params>
          <reporter-output>
          </reporter-output>
        </test-method> <!-- tearDownReports -->
        <test-method signature="searchItemTest()[pri:2, instance:com.org.testcases.BookingActivityPageTest@56528192]" started-at="2021-06-09T22:04:09 IST" name="searchItemTest" finished-at="2021-06-09T22:04:16 IST" duration-ms="6494" status="PASS">
          <reporter-output>
          </reporter-output>
        </test-method> <!-- searchItemTest -->
        <test-method is-config="true" signature="tearDownReports(org.testng.ITestResult)[pri:0, instance:com.org.testcases.BookingActivityPageTest@56528192]" started-at="2021-06-09T22:04:16 IST" name="tearDownReports" finished-at="2021-06-09T22:04:16 IST" duration-ms="128" status="PASS">
          <params>
            <param index="0">
              <value>
                <![CDATA[[TestResult name=searchItemTest status=SUCCESS method=BookingActivityPageTest.searchItemTest()[pri:2, instance:com.org.testcases.BookingActivityPageTest@56528192] output={null}]]]>
              </value>
            </param>
          </params>
          <reporter-output>
          </reporter-output>
        </test-method> <!-- tearDownReports -->
        <test-method signature="invoiceSearchTextBoxStringDataTest()[pri:3, instance:com.org.testcases.BookingActivityPageTest@56528192]" started-at="2021-06-09T22:04:16 IST" name="invoiceSearchTextBoxStringDataTest" finished-at="2021-06-09T22:04:17 IST" duration-ms="1004" status="PASS">
          <reporter-output>
          </reporter-output>
        </test-method> <!-- invoiceSearchTextBoxStringDataTest -->
        <test-method is-config="true" signature="tearDownReports(org.testng.ITestResult)[pri:0, instance:com.org.testcases.BookingActivityPageTest@56528192]" started-at="2021-06-09T22:04:17 IST" name="tearDownReports" finished-at="2021-06-09T22:04:17 IST" duration-ms="104" status="PASS">
          <params>
            <param index="0">
              <value>
                <![CDATA[[TestResult name=invoiceSearchTextBoxStringDataTest status=SUCCESS method=BookingActivityPageTest.invoiceSearchTextBoxStringDataTest()[pri:3, instance:com.org.testcases.BookingActivityPageTest@56528192] output={null}]]]>
              </value>
            </param>
          </params>
          <reporter-output>
          </reporter-output>
        </test-method> <!-- tearDownReports -->
        <test-method signature="invoiceSearchTextBoxIntegerDataTest()[pri:4, instance:com.org.testcases.BookingActivityPageTest@56528192]" started-at="2021-06-09T22:04:17 IST" name="invoiceSearchTextBoxIntegerDataTest" finished-at="2021-06-09T22:04:18 IST" duration-ms="850" status="PASS">
          <reporter-output>
          </reporter-output>
        </test-method> <!-- invoiceSearchTextBoxIntegerDataTest -->
        <test-method is-config="true" signature="tearDownReports(org.testng.ITestResult)[pri:0, instance:com.org.testcases.BookingActivityPageTest@56528192]" started-at="2021-06-09T22:04:18 IST" name="tearDownReports" finished-at="2021-06-09T22:04:18 IST" duration-ms="112" status="PASS">
          <params>
            <param index="0">
              <value>
                <![CDATA[[TestResult name=invoiceSearchTextBoxIntegerDataTest status=SUCCESS method=BookingActivityPageTest.invoiceSearchTextBoxIntegerDataTest()[pri:4, instance:com.org.testcases.BookingActivityPageTest@56528192] output={null}]]]>
              </value>
            </param>
          </params>
          <reporter-output>
          </reporter-output>
        </test-method> <!-- tearDownReports -->
        <test-method signature="SearchTextBoxBlankDataTest()[pri:5, instance:com.org.testcases.BookingActivityPageTest@56528192]" started-at="2021-06-09T22:04:18 IST" name="SearchTextBoxBlankDataTest" finished-at="2021-06-09T22:04:20 IST" duration-ms="2251" status="PASS">
          <reporter-output>
          </reporter-output>
        </test-method> <!-- SearchTextBoxBlankDataTest -->
        <test-method is-config="true" signature="tearDownReports(org.testng.ITestResult)[pri:0, instance:com.org.testcases.BookingActivityPageTest@56528192]" started-at="2021-06-09T22:04:20 IST" name="tearDownReports" finished-at="2021-06-09T22:04:20 IST" duration-ms="107" status="PASS">
          <params>
            <param index="0">
              <value>
                <![CDATA[[TestResult name=SearchTextBoxBlankDataTest status=SUCCESS method=BookingActivityPageTest.SearchTextBoxBlankDataTest()[pri:5, instance:com.org.testcases.BookingActivityPageTest@56528192] output={null}]]]>
              </value>
            </param>
          </params>
          <reporter-output>
          </reporter-output>
        </test-method> <!-- tearDownReports -->
        <test-method signature="invoiceSearchTextBoxSpecialCharacterTest()[pri:6, instance:com.org.testcases.BookingActivityPageTest@56528192]" started-at="2021-06-09T22:04:20 IST" name="invoiceSearchTextBoxSpecialCharacterTest" finished-at="2021-06-09T22:04:21 IST" duration-ms="927" status="PASS">
          <reporter-output>
          </reporter-output>
        </test-method> <!-- invoiceSearchTextBoxSpecialCharacterTest -->
        <test-method is-config="true" signature="tearDownReports(org.testng.ITestResult)[pri:0, instance:com.org.testcases.BookingActivityPageTest@56528192]" started-at="2021-06-09T22:04:21 IST" name="tearDownReports" finished-at="2021-06-09T22:04:21 IST" duration-ms="111" status="PASS">
          <params>
            <param index="0">
              <value>
                <![CDATA[[TestResult name=invoiceSearchTextBoxSpecialCharacterTest status=SUCCESS method=BookingActivityPageTest.invoiceSearchTextBoxSpecialCharacterTest()[pri:6, instance:com.org.testcases.BookingActivityPageTest@56528192] output={null}]]]>
              </value>
            </param>
          </params>
          <reporter-output>
          </reporter-output>
        </test-method> <!-- tearDownReports -->
        <test-method signature="invoiceSearchTextBoxCorrectDataTest()[pri:7, instance:com.org.testcases.BookingActivityPageTest@56528192]" started-at="2021-06-09T22:04:21 IST" name="invoiceSearchTextBoxCorrectDataTest" finished-at="2021-06-09T22:04:22 IST" duration-ms="1130" status="PASS">
          <reporter-output>
          </reporter-output>
        </test-method> <!-- invoiceSearchTextBoxCorrectDataTest -->
        <test-method is-config="true" signature="tearDownReports(org.testng.ITestResult)[pri:0, instance:com.org.testcases.BookingActivityPageTest@56528192]" started-at="2021-06-09T22:04:22 IST" name="tearDownReports" finished-at="2021-06-09T22:04:23 IST" duration-ms="88" status="PASS">
          <params>
            <param index="0">
              <value>
                <![CDATA[[TestResult name=invoiceSearchTextBoxCorrectDataTest status=SUCCESS method=BookingActivityPageTest.invoiceSearchTextBoxCorrectDataTest()[pri:7, instance:com.org.testcases.BookingActivityPageTest@56528192] output={null}]]]>
              </value>
            </param>
          </params>
          <reporter-output>
          </reporter-output>
        </test-method> <!-- tearDownReports -->
        <test-method signature="generateInvoiceTest()[pri:8, instance:com.org.testcases.BookingActivityPageTest@56528192]" started-at="2021-06-09T22:04:23 IST" name="generateInvoiceTest" finished-at="2021-06-09T22:04:57 IST" duration-ms="34453" status="PASS">
          <reporter-output>
          </reporter-output>
        </test-method> <!-- generateInvoiceTest -->
        <test-method is-config="true" signature="tearDownReports(org.testng.ITestResult)[pri:0, instance:com.org.testcases.BookingActivityPageTest@56528192]" started-at="2021-06-09T22:04:57 IST" name="tearDownReports" finished-at="2021-06-09T22:04:57 IST" duration-ms="80" status="PASS">
          <params>
            <param index="0">
              <value>
                <![CDATA[[TestResult name=generateInvoiceTest status=SUCCESS method=BookingActivityPageTest.generateInvoiceTest()[pri:8, instance:com.org.testcases.BookingActivityPageTest@56528192] output={null}]]]>
              </value>
            </param>
          </params>
          <reporter-output>
          </reporter-output>
        </test-method> <!-- tearDownReports -->
        <test-method signature="generateCreditNotesTest()[pri:9, instance:com.org.testcases.BookingActivityPageTest@56528192]" started-at="2021-06-09T22:04:57 IST" name="generateCreditNotesTest" finished-at="2021-06-09T22:06:07 IST" duration-ms="69792" status="FAIL">
          <exception class="org.openqa.selenium.ElementNotInteractableException">
            <message>
              <![CDATA[element not interactable
  (Session info: chrome=91.0.4472.77)
Build info: version: '3.141.59', revision: 'e82be7d358', time: '2018-11-14T08:17:03'
System info: host: 'STECH-MALLIK', ip: '192.168.0.4', os.name: 'Windows 10', os.arch: 'amd64', os.version: '10.0', java.version: '15.0.2'
Driver info: org.openqa.selenium.chrome.ChromeDriver
Capabilities {acceptInsecureCerts: false, browserName: chrome, browserVersion: 91.0.4472.77, chrome: {chromedriverVersion: 90.0.4430.24 (4c6d850f087da..., userDataDir: C:\Users\MALLIK~1.SHI\AppDa...}, goog:chromeOptions: {debuggerAddress: localhost:51851}, javascriptEnabled: true, networkConnectionEnabled: false, pageLoadStrategy: normal, platform: WINDOWS, platformName: WINDOWS, proxy: Proxy(), setWindowRect: true, strictFileInteractability: false, timeouts: {implicit: 0, pageLoad: 300000, script: 30000}, unhandledPromptBehavior: dismiss and notify, webauthn:extension:largeBlob: true, webauthn:virtualAuthenticators: true}
Session ID: 89fd1827f57eb80837197ad56736957d]]>
            </message>
            <full-stacktrace>
              <![CDATA[org.openqa.selenium.ElementNotInteractableException: element not interactable
  (Session info: chrome=91.0.4472.77)
Build info: version: '3.141.59', revision: 'e82be7d358', time: '2018-11-14T08:17:03'
System info: host: 'STECH-MALLIK', ip: '192.168.0.4', os.name: 'Windows 10', os.arch: 'amd64', os.version: '10.0', java.version: '15.0.2'
Driver info: org.openqa.selenium.chrome.ChromeDriver
Capabilities {acceptInsecureCerts: false, browserName: chrome, browserVersion: 91.0.4472.77, chrome: {chromedriverVersion: 90.0.4430.24 (4c6d850f087da..., userDataDir: C:\Users\MALLIK~1.SHI\AppDa...}, goog:chromeOptions: {debuggerAddress: localhost:51851}, javascriptEnabled: true, networkConnectionEnabled: false, pageLoadStrategy: normal, platform: WINDOWS, platformName: WINDOWS, proxy: Proxy(), setWindowRect: true, strictFileInteractability: false, timeouts: {implicit: 0, pageLoad: 300000, script: 30000}, unhandledPromptBehavior: dismiss and notify, webauthn:extension:largeBlob: true, webauthn:virtualAuthenticators: true}
Session ID: 89fd1827f57eb80837197ad56736957d
at java.base/jdk.internal.reflect.NativeConstructorAccessorImpl.newInstance0(Native Method)
at java.base/jdk.internal.reflect.NativeConstructorAccessorImpl.newInstance(NativeConstructorAccessorImpl.java:64)
at java.base/jdk.internal.reflect.DelegatingConstructorAccessorImpl.newInstance(DelegatingConstructorAccessorImpl.java:45)
at java.base/java.lang.reflect.Constructor.newInstanceWithCaller(Constructor.java:500)
at java.base/java.lang.reflect.Constructor.newInstance(Constructor.java:481)
at org.openqa.selenium.remote.http.W3CHttpResponseCodec.createException(W3CHttpResponseCodec.java:187)
at org.openqa.selenium.remote.http.W3CHttpResponseCodec.decode(W3CHttpResponseCodec.java:122)
at org.openqa.selenium.remote.http.W3CHttpResponseCodec.decode(W3CHttpResponseCodec.java:49)
at org.openqa.selenium.remote.HttpCommandExecutor.execute(HttpCommandExecutor.java:158)
at org.openqa.selenium.remote.service.DriverCommandExecutor.execute(DriverCommandExecutor.java:83)
at org.openqa.selenium.remote.RemoteWebDriver.execute(RemoteWebDriver.java:552)
at org.openqa.selenium.remote.RemoteWebElement.execute(RemoteWebElement.java:285)
at org.openqa.selenium.remote.RemoteWebElement.click(RemoteWebElement.java:84)
at jdk.internal.reflect.GeneratedMethodAccessor34.invoke(Unknown Source)
at java.base/jdk.internal.reflect.DelegatingMethodAccessorImpl.invoke(DelegatingMethodAccessorImpl.java:43)
at java.base/java.lang.reflect.Method.invoke(Method.java:564)
at org.openqa.selenium.support.pagefactory.internal.LocatingElementHandler.invoke(LocatingElementHandler.java:51)
at com.sun.proxy.$Proxy14.click(Unknown Source)
at com.org.pages.BookingActivityPage.generateCreditNotes(BookingActivityPage.java:250)
at com.org.testcases.BookingActivityPageTest.generateCreditNotesTest(BookingActivityPageTest.java:76)
at java.base/jdk.internal.reflect.NativeMethodAccessorImpl.invoke0(Native Method)
at java.base/jdk.internal.reflect.NativeMethodAccessorImpl.invoke(NativeMethodAccessorImpl.java:64)
at java.base/jdk.internal.reflect.DelegatingMethodAccessorImpl.invoke(DelegatingMethodAccessorImpl.java:43)
at java.base/java.lang.reflect.Method.invoke(Method.java:564)
at org.testng.internal.MethodInvocationHelper.invokeMethod(MethodInvocationHelper.java:134)
at org.testng.internal.TestInvoker.invokeMethod(TestInvoker.java:597)
at org.testng.internal.TestInvoker.invokeTestMethod(TestInvoker.java:173)
at org.testng.internal.MethodRunner.runInSequence(MethodRunner.java:46)
at org.testng.internal.TestInvoker$MethodInvocationAgent.invoke(TestInvoker.java:816)
at org.testng.internal.TestInvoker.invokeTestMethods(TestInvoker.java:146)
at org.testng.internal.TestMethodWorker.invokeTestMethods(TestMethodWorker.java:146)
at org.testng.internal.TestMethodWorker.run(TestMethodWorker.java:128)
at java.base/java.util.ArrayList.forEach(ArrayList.java:1511)
at org.testng.TestRunner.privateRun(TestRunner.java:766)
at org.testng.TestRunner.run(TestRunner.java:587)
at org.testng.SuiteRunner.runTest(SuiteRunner.java:384)
at org.testng.SuiteRunner.runSequentially(SuiteRunner.java:378)
at org.testng.SuiteRunner.privateRun(SuiteRunner.java:337)
at org.testng.SuiteRunner.run(SuiteRunner.java:286)
at org.testng.SuiteRunnerWorker.runSuite(SuiteRunnerWorker.java:53)
at org.testng.SuiteRunnerWorker.run(SuiteRunnerWorker.java:96)
at org.testng.TestNG.runSuitesSequentially(TestNG.java:1187)
at org.testng.TestNG.runSuitesLocally(TestNG.java:1109)
at org.testng.TestNG.runSuites(TestNG.java:1039)
at org.testng.TestNG.run(TestNG.java:1007)
at org.testng.remote.AbstractRemoteTestNG.run(AbstractRemoteTestNG.java:115)
at org.testng.remote.RemoteTestNG.initAndRun(RemoteTestNG.java:251)
at org.testng.remote.RemoteTestNG.main(RemoteTestNG.java:77)
]]>
            </full-stacktrace>
          </exception> <!-- org.openqa.selenium.ElementNotInteractableException -->
          <reporter-output>
          </reporter-output>
        </test-method> <!-- generateCreditNotesTest -->
        <test-method is-config="true" signature="tearDownReports(org.testng.ITestResult)[pri:0, instance:com.org.testcases.BookingActivityPageTest@56528192]" started-at="2021-06-09T22:06:07 IST" name="tearDownReports" finished-at="2021-06-09T22:06:07 IST" duration-ms="247" status="PASS">
          <params>
            <param index="0">
              <value>
                <![CDATA[[TestResult name=generateCreditNotesTest status=FAILURE method=BookingActivityPageTest.generateCreditNotesTest()[pri:9, instance:com.org.testcases.BookingActivityPageTest@56528192] output={null}]]]>
              </value>
            </param>
          </params>
          <reporter-output>
          </reporter-output>
        </test-method> <!-- tearDownReports -->
        <test-method is-config="true" signature="tearDown()[pri:0, instance:com.org.testcases.BookingActivityPageTest@56528192]" started-at="2021-06-09T22:06:07 IST" name="tearDown" finished-at="2021-06-09T22:06:07 IST" duration-ms="29" status="PASS">
          <reporter-output>
          </reporter-output>
        </test-method> <!-- tearDown -->
      </class> <!-- com.org.testcases.BookingActivityPageTest -->
    </test> <!-- Default test -->
  </suite> <!-- Default suite -->
</testng-results>
